{
  "stats": {
    "suites": 5,
    "tests": 5,
    "passes": 4,
    "pending": 1,
    "failures": 0,
    "start": "2023-11-20T12:56:04.441Z",
    "end": "2023-11-20T12:56:18.968Z",
    "duration": 14527,
    "testsRegistered": 5,
    "passPercent": 100,
    "pendingPercent": 20,
    "other": 0,
    "hasOther": false,
    "skipped": 0,
    "hasSkipped": false
  },
  "results": [
    {
      "uuid": "f59d3882-ed67-4d67-93f3-cc901e19127b",
      "title": "",
      "fullFile": "",
      "file": "",
      "beforeHooks": [],
      "afterHooks": [],
      "tests": [],
      "suites": [
        {
          "uuid": "38c51aef-aea9-4924-addc-e33834293b83",
          "title": "Super Admin Login =>",
          "fullFile": "C:\\Users\\dines\\OneDrive\\Documents\\GitHub\\api_automation_mochaJS\\test\\01_super_admin_login.js",
          "file": "\\test\\01_super_admin_login.js",
          "beforeHooks": [],
          "afterHooks": [],
          "tests": [
            {
              "title": "POST /super-admin-login",
              "fullTitle": "Super Admin Login => POST /super-admin-login",
              "timedOut": false,
              "duration": 1646,
              "state": "passed",
              "speed": "slow",
              "pass": true,
              "fail": false,
              "pending": false,
              "context": null,
              "code": "var superAdminLogin = {\n  \"username\": loginData.username,\n  \"password\": loginData.password,\n  \"role_id\": loginData.role_id\n};\n_common_imports.evolvity.post(endpointPath).send(superAdminLogin).end(function (err, res) {\n  if (err) {\n    console.error(err);\n    done(err);\n    return;\n  }\n  console.log('Status: ' + res.status);\n  console.log('Message: ' + res.body.message);\n  try {\n    access_token = res.body.data.login.access_token;\n    console.log('Access Token : ' + access_token);\n    // expect(res.body.data.profile.user_name).to.equal('Dinesh Borudiya');\n    console.log();\n    console.log('Response Body : ');\n    console.log(res.body);\n    done();\n  } catch (assertionError) {\n    done(assertionError);\n  }\n});",
              "err": {},
              "uuid": "e57023ee-9c66-4d8c-bc3f-44ba756312af",
              "parentUUID": "38c51aef-aea9-4924-addc-e33834293b83",
              "isHook": false,
              "skipped": false
            }
          ],
          "suites": [],
          "passes": [
            "e57023ee-9c66-4d8c-bc3f-44ba756312af"
          ],
          "failures": [],
          "pending": [],
          "skipped": [],
          "duration": 1646,
          "root": false,
          "rootEmpty": false,
          "_timeout": 10000
        },
        {
          "uuid": "90175cf1-2a26-47f1-baad-73f1dc7aae45",
          "title": "Program Details",
          "fullFile": "C:\\Users\\dines\\OneDrive\\Documents\\GitHub\\api_automation_mochaJS\\test\\02_get_program_details.js",
          "file": "\\test\\02_get_program_details.js",
          "beforeHooks": [
            {
              "title": "\"before all\" hook in \"Program Details\"",
              "fullTitle": "Program Details \"before all\" hook in \"Program Details\"",
              "timedOut": false,
              "duration": 2528,
              "state": null,
              "speed": null,
              "pass": false,
              "fail": false,
              "pending": false,
              "context": null,
              "code": "var self = this, args = arguments; return new Promise(function (resolve, reject) { var gen = fn.apply(self, args); function _next(value) { asyncGeneratorStep(gen, resolve, reject, _next, _throw, \"next\", value); } function _throw(err) { asyncGeneratorStep(gen, resolve, reject, _next, _throw, \"throw\", err); } _next(undefined); });",
              "err": {},
              "uuid": "8f6bd4eb-e0b8-4815-8bde-38366bfb542c",
              "parentUUID": "90175cf1-2a26-47f1-baad-73f1dc7aae45",
              "isHook": true,
              "skipped": false
            }
          ],
          "afterHooks": [],
          "tests": [
            {
              "title": "GET /Get Single Program Details",
              "fullTitle": "Program Details GET /Get Single Program Details",
              "timedOut": false,
              "duration": 4204,
              "state": "passed",
              "speed": "slow",
              "pass": true,
              "fail": false,
              "pending": false,
              "context": null,
              "code": "var self = this, args = arguments; return new Promise(function (resolve, reject) { var gen = fn.apply(self, args); function _next(value) { asyncGeneratorStep(gen, resolve, reject, _next, _throw, \"next\", value); } function _throw(err) { asyncGeneratorStep(gen, resolve, reject, _next, _throw, \"throw\", err); } _next(undefined); });",
              "err": {},
              "uuid": "ae721bf5-b3d8-4aef-b568-246301d28749",
              "parentUUID": "90175cf1-2a26-47f1-baad-73f1dc7aae45",
              "isHook": false,
              "skipped": false
            }
          ],
          "suites": [],
          "passes": [
            "ae721bf5-b3d8-4aef-b568-246301d28749"
          ],
          "failures": [],
          "pending": [],
          "skipped": [],
          "duration": 4204,
          "root": false,
          "rootEmpty": false,
          "_timeout": 10000
        },
        {
          "uuid": "52fa2f4d-5fb1-4015-b294-59332c6aac1d",
          "title": "Program Details",
          "fullFile": "C:\\Users\\dines\\OneDrive\\Documents\\GitHub\\api_automation_mochaJS\\test\\03_token_automation.js",
          "file": "\\test\\03_token_automation.js",
          "beforeHooks": [],
          "afterHooks": [],
          "tests": [
            {
              "title": "GET /Get Single Program Details",
              "fullTitle": "Program Details GET /Get Single Program Details",
              "timedOut": false,
              "duration": 0,
              "state": "pending",
              "speed": null,
              "pass": false,
              "fail": false,
              "pending": true,
              "context": null,
              "code": "",
              "err": {},
              "uuid": "dc91512a-ce36-4706-8675-6b2d8e6e6018",
              "parentUUID": "52fa2f4d-5fb1-4015-b294-59332c6aac1d",
              "isHook": false,
              "skipped": false
            }
          ],
          "suites": [],
          "passes": [],
          "failures": [],
          "pending": [
            "dc91512a-ce36-4706-8675-6b2d8e6e6018"
          ],
          "skipped": [],
          "duration": 0,
          "root": false,
          "rootEmpty": false,
          "_timeout": 10000
        },
        {
          "uuid": "28f089eb-b32a-4fd1-998f-92b3f51676df",
          "title": "GET Super Admin Profile Info",
          "fullFile": "C:\\Users\\dines\\OneDrive\\Documents\\GitHub\\api_automation_mochaJS\\test\\04_get_super_admin_profile.js",
          "file": "\\test\\04_get_super_admin_profile.js",
          "beforeHooks": [
            {
              "title": "\"before all\" hook in \"GET Super Admin Profile Info\"",
              "fullTitle": "GET Super Admin Profile Info \"before all\" hook in \"GET Super Admin Profile Info\"",
              "timedOut": false,
              "duration": 1524,
              "state": null,
              "speed": null,
              "pass": false,
              "fail": false,
              "pending": false,
              "context": null,
              "code": "var self = this, args = arguments; return new Promise(function (resolve, reject) { var gen = fn.apply(self, args); function _next(value) { asyncGeneratorStep(gen, resolve, reject, _next, _throw, \"next\", value); } function _throw(err) { asyncGeneratorStep(gen, resolve, reject, _next, _throw, \"throw\", err); } _next(undefined); });",
              "err": {},
              "uuid": "e53a8acf-5f45-4f1b-abae-3c54fc4b29b5",
              "parentUUID": "28f089eb-b32a-4fd1-998f-92b3f51676df",
              "isHook": true,
              "skipped": false
            }
          ],
          "afterHooks": [],
          "tests": [
            {
              "title": "GET /get super-admin profile",
              "fullTitle": "GET Super Admin Profile Info GET /get super-admin profile",
              "timedOut": false,
              "duration": 1333,
              "state": "passed",
              "speed": "slow",
              "pass": true,
              "fail": false,
              "pending": false,
              "context": null,
              "code": "var self = this, args = arguments; return new Promise(function (resolve, reject) { var gen = fn.apply(self, args); function _next(value) { asyncGeneratorStep(gen, resolve, reject, _next, _throw, \"next\", value); } function _throw(err) { asyncGeneratorStep(gen, resolve, reject, _next, _throw, \"throw\", err); } _next(undefined); });",
              "err": {},
              "uuid": "5a17f010-6246-44fd-972a-348cdec4435b",
              "parentUUID": "28f089eb-b32a-4fd1-998f-92b3f51676df",
              "isHook": false,
              "skipped": false
            }
          ],
          "suites": [],
          "passes": [
            "5a17f010-6246-44fd-972a-348cdec4435b"
          ],
          "failures": [],
          "pending": [],
          "skipped": [],
          "duration": 1333,
          "root": false,
          "rootEmpty": false,
          "_timeout": 10000
        },
        {
          "uuid": "b52e4a6e-e278-49c2-8a44-ad9c15e1d54a",
          "title": "Update Super Admin Profile =>",
          "fullFile": "C:\\Users\\dines\\OneDrive\\Documents\\GitHub\\api_automation_mochaJS\\test\\05_update_super_admin_profile.js",
          "file": "\\test\\05_update_super_admin_profile.js",
          "beforeHooks": [
            {
              "title": "\"before all\" hook in \"Update Super Admin Profile =>\"",
              "fullTitle": "Update Super Admin Profile => \"before all\" hook in \"Update Super Admin Profile =>\"",
              "timedOut": false,
              "duration": 1436,
              "state": null,
              "speed": null,
              "pass": false,
              "fail": false,
              "pending": false,
              "context": null,
              "code": "var self = this, args = arguments; return new Promise(function (resolve, reject) { var gen = fn.apply(self, args); function _next(value) { asyncGeneratorStep(gen, resolve, reject, _next, _throw, \"next\", value); } function _throw(err) { asyncGeneratorStep(gen, resolve, reject, _next, _throw, \"throw\", err); } _next(undefined); });",
              "err": {},
              "uuid": "1b704b27-6e00-450f-b8d8-e1af4ec78fba",
              "parentUUID": "b52e4a6e-e278-49c2-8a44-ad9c15e1d54a",
              "isHook": true,
              "skipped": false
            }
          ],
          "afterHooks": [],
          "tests": [
            {
              "title": "POST /update super-admin profile",
              "fullTitle": "Update Super Admin Profile => POST /update super-admin profile",
              "timedOut": false,
              "duration": 1841,
              "state": "passed",
              "speed": "slow",
              "pass": true,
              "fail": false,
              "pending": false,
              "context": null,
              "code": "var self = this, args = arguments; return new Promise(function (resolve, reject) { var gen = fn.apply(self, args); function _next(value) { asyncGeneratorStep(gen, resolve, reject, _next, _throw, \"next\", value); } function _throw(err) { asyncGeneratorStep(gen, resolve, reject, _next, _throw, \"throw\", err); } _next(undefined); });",
              "err": {},
              "uuid": "befe62d3-18ae-472a-bb05-cb713ce8671d",
              "parentUUID": "b52e4a6e-e278-49c2-8a44-ad9c15e1d54a",
              "isHook": false,
              "skipped": false
            }
          ],
          "suites": [],
          "passes": [
            "befe62d3-18ae-472a-bb05-cb713ce8671d"
          ],
          "failures": [],
          "pending": [],
          "skipped": [],
          "duration": 1841,
          "root": false,
          "rootEmpty": false,
          "_timeout": 10000
        }
      ],
      "passes": [],
      "failures": [],
      "pending": [],
      "skipped": [],
      "duration": 0,
      "root": true,
      "rootEmpty": true,
      "_timeout": 10000
    }
  ],
  "meta": {
    "mocha": {
      "version": "10.2.0"
    },
    "mochawesome": {
      "options": {
        "quiet": false,
        "reportFilename": "mochawesome",
        "saveHtml": true,
        "saveJson": true,
        "consoleReporter": "spec",
        "useInlineDiffs": false,
        "code": true
      },
      "version": "7.1.3"
    },
    "marge": {
      "options": null,
      "version": "6.2.0"
    }
  }
}